750
618 619
42
587 838
464 49
905
199 840
449 401
219
63
23
181
730
280 879
598 510
503 824
393
811
46 789
765 885
893
292
367
372 632
350 376
871 903
93 175
896
112
389
177
978
671
706
97 920
792
298
164
236 438
481 529
898 418
762 394
264 714
33
647
834 858
276
300
427 373
446
757
136
72 204
220
488
599 501
519
326
425
774 105
284
808 53
214 452
461 447
567
512 96
327 568
484 897
472
260
138 432
259 146
844
849
333
755
699 853
502
583 695
866 528
990 144
855
26 960
690
102 659
328
110
629
229
917
814 797
197
233
761
18 417
351
711 54
968 226
606
257 571
316
353 620
739
959
929 470
966
736
976
646
111
130 69
341 496
88 44
975
923
894 465
648
157 883
666 524
339 796
516
150 345
558 635
758 306
946 115
48
904 336
611
207 817
362
281
360
542 901
708
906
213
122
700 696
640
954
404
61 735
231 810
650
653 795
67 527
941 168
391
803
963
859
200 65
55 158
248 386
541
342
407 862
16
830
589 697
127
720 773
369
922
869
20 152
846 443
974 244
967 263
913
458 495
70
987
335 517
665 625
667
691
828 601
595 801
768
942
843
820
949 685
262 759
320
459 705
84 234
133 116
769 832
184
140
377
383 52
198 242
499
584
334
34
815
958 882
32 119
315
250 982
997
183 523
71 657
694
241
132
384 564
385 0
543 445
725
664 6
546
100
95 943
607 307
767
76 469
8 382
22
995 553
390 770
113
753 395
750 249
266 977
324 603
875
340
160 956
950
688
514
863
57 128
208
224 190
807
444 818
656
308
193
623
784
66 521
387
638
778
282
487 643
661 934
457
508
192
365 490
222
961 572
771
547 237
511 573
235
79 398
663
304 297
291 911
585 256
581 522
419 548
593
983
698 290
579 173
827
21
993 805
756
223 101
434 916
218 131
410 881
436
544 872
717 270
1
994
555
154
285 422
118 169
479
969
129 631
191 215
944
202
368 981
609 945
889
536
592
227 162
408 861
344 437
766
534 86
180 689
806 668
912 80
424 980
405 918
561
364
962
7
857 660
141
454 873
30 366
206 94
143 137
973 612
826
965 684
194
591
716 634
938
878
293
114 392
986
940 637
396
338 163
816 856
99 999
892 709
171 273
497
463
13
669
627
526
560
216
687
710 749
633 988
238 27
251
493
569
565
29
317
303
38
707
471 494
211
254
597
836
485
478 919
979 783
888
268
428 763
825 902
179
686 624
170
505
210
252 466
74
649
645
985 909
343 64
217
473
790
793 622
12 59
509
794 737
854
676 837
745
948
615 953
274
239
819
867
809
786
492 636
480
563 952
2 475
388 628
149
109
932 582
658
107
574
500
399 403
201
51 330
355 617
877
359 413
209
915 498
890
972
272
415 40
751 876
103
309
614
24
246 321
550
957 134
406
448
286
397
92
98
31 590
433
850
400
513 337
802
253 681
839
780
727
287
520
557
3
679
678
435
228
748
370
740 318
742
189
329
937 847
933
924
77
356
139
971
537 630
240
325
578 782
874
491
608 104
556
440
10 474
409 37
295 195
5
525 165
868 289
148
363 331
562 58
346
87
4
319
35
682
506
939
642
680
468
776
232
964
779
610
381
311
692
185 371
921
722
728
551
989
121
504
108 518
379
125
402 156
719
124 752
530
296
577 85
880
604
347
420
43
135
279
672
992
357
267
416
829
746
910 580
626
462
926
288 798
477
639
322 781
312
411
822
221 674
245
467
754
540
799
785
313
641
533
718
539
602
60
900
576
456
117 82
951
278
349
908
835 833
455 683
442
39
823
186
361
50
703 188
788 552
600 375
45
374
677
777
9
203
813 947
47 151
489
935
621
845
596
532
931
299
75
247
212
566 675
616
426 586
275
652
775
261
78
120
439
161 715
654
314
258
225
914
644
271 68
864
460
310 662
538
930 841
302
747
984 535
81
575
723
693
451
431
970
549
36 928
166
594
804
62
787
743
159
800 476
301
73
702
142
998
205
791
255
269 651
772
332
570
90
147 891
28
860
812
305
713
106
588
412
731 126
348
741
294
25
483
744 155
515
380
196
174
486
764
545 721
507
729
358
352
955
421
145
41
178
19
531
886
851
378
423
734
925
907
655
724
230
821
673 670
323
453
265
172 414
182 996
450
899
554
153 884
56
704
760 91
605
283
187
430
176
167
927 15
559
429
243 482
89
732
354
831
11
852
712
17
936
991 701
441
865
895
842
738
733
277
14
613
848
726 123
887
870
83
